
******************************************************************************
This program contains Ipopt, a library for large-scale nonlinear optimization.
 Ipopt is released as open source code under the Eclipse Public License (EPL).
         For more information visit http://projects.coin-or.org/Ipopt
******************************************************************************

This is Ipopt version 3.12, running with linear solver ma27.

Number of nonzeros in equality constraint Jacobian...:   256870
Number of nonzeros in inequality constraint Jacobian.:  2290685
Number of nonzeros in Lagrangian Hessian.............:   250000

Total number of variables............................:   250000
                     variables with only lower bounds:        0
                variables with lower and upper bounds:   250000
                     variables with only upper bounds:        0
Total number of equality constraints.................:    50000
Total number of inequality constraints...............:      265
        inequality constraints with only lower bounds:        0
   inequality constraints with lower and upper bounds:      265
        inequality constraints with only upper bounds:        0

iter    objective    inf_pr   inf_du lg(mu)  ||d||  lg(rg) alpha_du alpha_pr  ls
   0 0.0000000e+000 1.13e+009 0.00e+000  -1.0 0.00e+000    -  0.00e+000 0.00e+000   0
   1 2.0994838e+001 1.11e+009 1.34e+000  -1.0 1.47e+003    -  1.87e-002 1.47e-002h  1
   2 3.1162022e+002 1.06e+009 3.12e+000  -1.0 1.77e+003    -  1.68e-002 4.52e-002h  1
   3 1.4128324e+003 9.83e+008 3.47e+000  -1.0 2.09e+003    -  5.22e-002 7.27e-002h  1
   4 5.4158850e+003 8.39e+008 5.01e+000  -1.0 2.01e+003    -  6.10e-002 1.42e-001h  1
   5 1.5326253e+004 6.38e+008 1.01e+001  -1.0 1.70e+003    -  1.10e-001 2.32e-001h  1
   6 2.9615873e+004 4.43e+008 1.14e+001  -1.0 1.31e+003    -  1.19e-001 2.92e-001h  1
   7 4.1526563e+004 3.15e+008 1.21e+001  -1.0 1.18e+003    -  1.19e-001 2.71e-001h  1
   8 5.5878957e+004 1.83e+008 1.26e+001  -1.0 9.80e+002    -  7.06e-002 3.84e-001h  1
   9 5.6160259e+004 1.81e+008 1.25e+001  -1.0 7.89e+002    -  8.76e-002 1.21e-002h  1
iter    objective    inf_pr   inf_du lg(mu)  ||d||  lg(rg) alpha_du alpha_pr  ls
  10 6.3963650e+004 1.11e+008 1.01e+001  -1.0 8.59e+002    -  7.35e-002 3.31e-001h  1
  11 6.6581934e+004 8.84e+007 8.64e+000  -1.0 7.19e+002    -  1.78e-001 1.64e-001h  1
  12 6.8840765e+004 6.83e+007 7.30e+000  -1.0 5.84e+002    -  2.42e-002 1.73e-001h  1
  13 7.0021117e+004 6.09e+007 6.56e+000  -1.0 5.33e+002    -  2.10e-001 1.08e-001h  1
  14 7.3762447e+004 3.68e+007 4.79e+000  -1.0 6.90e+002    -  1.16e-001 3.94e-001h  1
  15 7.5608891e+004 2.34e+007 4.03e+000  -1.0 7.89e+002    -  3.99e-002 3.58e-001h  1
  16 7.6653091e+004 1.48e+007 3.06e+000  -1.0 7.53e+002    -  1.84e-001 3.68e-001h  1
  17 7.7272615e+004 8.15e+006 2.43e+000  -1.0 7.97e+002    -  9.14e-002 4.50e-001h  1
  18 7.7318643e+004 7.12e+006 2.16e+000  -1.0 6.88e+002    -  1.90e-001 1.25e-001h  1
  19 7.7407332e+004 2.67e+006 2.20e+000  -1.0 7.47e+002    -  1.18e-001 6.21e-001h  1
iter    objective    inf_pr   inf_du lg(mu)  ||d||  lg(rg) alpha_du alpha_pr  ls
  20 7.7331339e+004 2.17e+006 1.82e+000  -1.0 5.75e+002    -  2.21e-001 1.85e-001f  1
  21 7.6872454e+004 1.31e+005 8.51e-001  -1.0 6.25e+002    -  1.39e-001 9.10e-001f  1
  22 7.6672605e+004 4.45e+004 7.83e-001  -1.0 2.84e+002    -  2.43e-001 6.23e-001f  1
  23 7.6579146e+004 1.91e+004 7.89e-001  -1.0 2.26e+002    -  1.14e-001 4.83e-001f  1
  24 7.6472112e+004 4.32e+003 9.91e-001  -1.0 1.82e+002    -  4.28e-001 7.10e-001f  1
  25 7.6416248e+004 4.35e+001 4.69e-001  -1.0 1.81e+002    -  1.45e-001 7.35e-001f  1
  26 7.6387470e+004 7.45e-008 3.59e-001  -1.0 1.48e+002    -  2.77e-001 1.00e+000f  1
  27 7.6370292e+004 1.49e-008 1.74e-001  -1.0 8.75e+001    -  5.21e-001 9.48e-001f  1
  28 7.6368605e+004 2.98e-008 2.30e-002  -1.0 3.04e+001    -  8.69e-001 1.00e+000f  1
  29 7.6368532e+004 7.45e-009 2.46e-003  -1.0 6.37e+001    -  1.00e+000 1.00e+000f  1
iter    objective    inf_pr   inf_du lg(mu)  ||d||  lg(rg) alpha_du alpha_pr  ls
  30 7.6351516e+004 2.24e-008 1.01e-002  -1.7 2.72e+001    -  1.00e+000 1.00e+000f  1
  31 7.6349743e+004 7.45e-009 2.87e-002  -2.5 1.40e+001    -  1.00e+000 6.57e-001f  1
  32 7.6348935e+004 7.45e-009 1.17e-004  -2.5 9.05e+000    -  1.00e+000 1.00e+000f  1
  33 7.6348638e+004 2.76e-011 4.05e-003  -3.8 2.19e+000    -  1.00e+000 9.11e-001f  1
  34 7.6348609e+004 1.87e-012 5.12e-005  -3.8 7.77e-001    -  1.00e+000 1.00e+000f  1
  35 7.6348593e+004 7.45e-009 3.85e-003  -5.7 3.29e-001    -  1.00e+000 9.14e-001f  1
  36 7.6348591e+004 1.35e-013 3.97e-006  -5.7 1.66e-001    -  1.00e+000 1.00e+000f  1
  37 7.6348591e+004 3.20e-014 2.54e-007  -5.7 4.59e-002    -  1.00e+000 1.00e+000h  1
In iteration 37, 1 Slack too small, adjusting variable bound
  38 7.6348591e+004 2.84e-014 3.88e-006  -8.6 9.48e-003    -  1.00e+000 9.98e-001f  1
  39 7.6348591e+004 2.84e-014 1.49e-011  -8.6 2.52e-004    -  1.00e+000 1.00e+000h  1

Number of Iterations....: 39

                                   (scaled)                 (unscaled)
Objective...............:  7.6348590762180611e+004   7.6348590762180611e+004
Dual infeasibility......:  1.4916299370828896e-011   1.4916299370828896e-011
Constraint violation....:  2.8421709430404007e-014   2.8421709430404007e-014
Complementarity.........:  2.5656024089316401e-009   2.5656024089316401e-009
Overall NLP error.......:  2.5656024089316401e-009   2.5656024089316401e-009


Number of objective function evaluations             = 40
Number of objective gradient evaluations             = 40
Number of equality constraint evaluations            = 40
Number of inequality constraint evaluations          = 40
Number of equality constraint Jacobian evaluations   = 40
Number of inequality constraint Jacobian evaluations = 40
Number of Lagrangian Hessian evaluations             = 39
Total CPU secs in IPOPT (w/o function evaluations)   =    866.229
Total CPU secs in NLP function evaluations           =     11.140

EXIT: Optimal Solution Found.
