This is Ipopt version 3.12, running with linear solver ma27.

Number of nonzeros in equality constraint Jacobian...:    80000
Number of nonzeros in inequality constraint Jacobian.:        0
Number of nonzeros in Lagrangian Hessian.............:    20000

Total number of variables............................:    20000
                     variables with only lower bounds:        0
                variables with lower and upper bounds:        0
                     variables with only upper bounds:        0
Total number of equality constraints.................:        4
Total number of inequality constraints...............:        0
        inequality constraints with only lower bounds:        0
   inequality constraints with lower and upper bounds:        0
        inequality constraints with only upper bounds:        0

iter    objective    inf_pr   inf_du lg(mu)  ||d||  lg(rg) alpha_du alpha_pr  ls
   0 0.0000000e+000 1.65e+009 0.00e+000  -1.0 0.00e+000    -  0.00e+000 0.00e+000   0
   1 9.1209291e+005 1.24e+009 4.69e+004  -1.0 1.12e+002    -  1.00e+000 2.50e-001h  3
   2 1.6064332e+007 7.63e-006 7.13e+006  -1.0 8.57e+001    -  1.00e+000 1.00e+000h  1
   3 1.5086534e+007 0.00e+000 3.01e+006  -1.0 5.85e+000    -  1.00e+000 1.00e+000f  1
   4 1.4558938e+007 0.00e+000 1.27e+006  -1.0 2.46e+000    -  1.00e+000 1.00e+000f  1
   5 1.4274923e+007 0.00e+000 5.34e+005  -1.0 1.61e+000    -  1.00e+000 1.00e+000f  1
   6 1.4123153e+007 0.00e+000 2.24e+005  -1.0 1.14e+000    -  1.00e+000 1.00e+000f  1
   7 1.4042720e+007 0.00e+000 9.39e+004  -1.0 8.90e-001    -  1.00e+000 1.00e+000f  1
   8 1.4000967e+007 0.00e+000 3.88e+004  -1.0 7.83e-001    -  1.00e+000 1.00e+000f  1
   9 1.3980522e+007 0.00e+000 1.56e+004  -1.0 7.39e-001    -  1.00e+000 1.00e+000f  1
iter    objective    inf_pr   inf_du lg(mu)  ||d||  lg(rg) alpha_du alpha_pr  ls
  10 1.3971757e+007 0.00e+000 5.79e+003  -1.0 6.74e-001    -  1.00e+000 1.00e+000f  1
  11 1.3968907e+007 0.00e+000 1.77e+003  -1.0 5.21e-001    -  1.00e+000 1.00e+000f  1
  12 1.3968393e+007 0.00e+000 3.29e+002  -1.0 2.87e-001    -  1.00e+000 1.00e+000f  1
  13 1.3968365e+007 0.00e+000 2.17e+001  -1.0 7.70e-002    -  1.00e+000 1.00e+000f  1
  14 1.3968365e+007 0.00e+000 1.59e-001  -1.0 5.14e-003    -  1.00e+000 1.00e+000f  1
  15 1.3968365e+007 0.00e+000 1.02e-005  -2.5 2.71e-005    -  1.00e+000 1.00e+000f  1
  16 1.3968365e+007 0.00e+000 1.48e-011  -8.6 1.12e-009    -  1.00e+000 1.00e+000f  1

Number of Iterations....: 16

                                   (scaled)                 (unscaled)
Objective...............:  1.3968365200986765e+007   1.3968365200986765e+007
Dual infeasibility......:  1.4779288903810084e-011   1.4779288903810084e-011
Constraint violation....:  0.0000000000000000e+000   0.0000000000000000e+000
Complementarity.........:  0.0000000000000000e+000   0.0000000000000000e+000
Overall NLP error.......:  4.8579399509270358e-012   1.4779288903810084e-011


Number of objective function evaluations             = 19
Number of objective gradient evaluations             = 17
Number of equality constraint evaluations            = 19
Number of inequality constraint evaluations          = 0
Number of equality constraint Jacobian evaluations   = 17
Number of inequality constraint Jacobian evaluations = 0
Number of Lagrangian Hessian evaluations             = 16
Total CPU secs in IPOPT (w/o function evaluations)   =      0.131
Total CPU secs in NLP function evaluations           =      1.006

EXIT: Optimal Solution Found.
