
******************************************************************************
This program contains Ipopt, a library for large-scale nonlinear optimization.
 Ipopt is released as open source code under the Eclipse Public License (EPL).
         For more information visit http://projects.coin-or.org/Ipopt
******************************************************************************

This is Ipopt version 3.12, running with linear solver ma27.

Number of nonzeros in equality constraint Jacobian...:        0
Number of nonzeros in inequality constraint Jacobian.:  2297605
Number of nonzeros in Lagrangian Hessian.............:   250000

Total number of variables............................:   250000
                     variables with only lower bounds:        0
                variables with lower and upper bounds:   250000
                     variables with only upper bounds:        0
Total number of equality constraints.................:        0
Total number of inequality constraints...............:      275
        inequality constraints with only lower bounds:        0
   inequality constraints with lower and upper bounds:      275
        inequality constraints with only upper bounds:        0

iter    objective    inf_pr   inf_du lg(mu)  ||d||  lg(rg) alpha_du alpha_pr  ls
   0 0.0000000e+000 1.13e+009 0.00e+000  -1.0 0.00e+000    -  0.00e+000 0.00e+000   0
   1 4.6948060e+001 1.10e+009 9.24e-002  -1.0 1.80e+003    -  2.16e-002 2.34e-002h  1
   2 1.3974972e+003 9.82e+008 1.74e+000  -1.0 1.93e+003    -  3.07e-002 1.08e-001h  1
   3 9.7608110e+003 7.35e+008 7.05e+000  -1.0 1.73e+003    -  1.12e-001 2.44e-001h  1
   4 2.0300521e+004 5.59e+008 9.65e+000  -1.0 1.31e+003    -  1.09e-001 2.29e-001h  1
   5 4.2693271e+004 3.04e+008 1.81e+001  -1.0 1.01e+003    -  1.10e-001 4.31e-001h  1
   6 5.9410319e+004 1.53e+008 1.63e+001  -1.0 5.96e+002    -  1.27e-001 4.48e-001h  1
   7 7.1479084e+004 6.05e+007 1.10e+001  -1.0 5.33e+002    -  1.54e-001 5.35e-001h  1
   8 7.5784284e+004 3.44e+007 6.82e+000  -1.0 6.10e+002    -  2.08e-001 4.30e-001h  1
   9 7.8092871e+004 1.67e+007 3.57e+000  -1.0 9.23e+002    -  9.10e-002 5.13e-001h  1
iter    objective    inf_pr   inf_du lg(mu)  ||d||  lg(rg) alpha_du alpha_pr  ls
  10 7.8830983e+004 5.85e+006 1.34e+000  -1.0 6.40e+002    -  2.17e-001 6.48e-001h  1
  11 7.7911929e+004 2.32e+006 1.53e+000  -1.0 1.35e+003    -  1.49e-001 6.01e-001f  1
  12 7.6705729e+004 7.71e+005 2.54e+000  -1.0 1.38e+003    -  1.09e-001 6.61e-001f  1
  13 7.5853605e+004 1.74e+005 3.03e+000  -1.0 9.44e+002    -  2.49e-001 7.43e-001f  1
  14 7.5130217e+004 2.03e+004 1.56e+000  -1.0 5.78e+002    -  4.53e-002 7.96e-001f  1
  15 7.4829622e+004 2.62e+003 7.86e-001  -1.0 2.88e+002    -  3.90e-001 7.93e-001f  1
  16 7.4714982e+004 2.88e+002 6.03e-001  -1.0 2.74e+002    -  2.39e-001 5.08e-001f  1
  17 7.4535612e+004 0.00e+000 5.43e-001  -1.0 2.66e+002    -  1.13e-001 1.00e+000f  1
  18 7.4463762e+004 0.00e+000 3.29e-001  -1.0 2.20e+002    -  3.89e-001 8.01e-001f  1
  19 7.4427668e+004 0.00e+000 2.34e-001  -1.0 1.12e+002    -  2.71e-001 9.82e-001f  1
iter    objective    inf_pr   inf_du lg(mu)  ||d||  lg(rg) alpha_du alpha_pr  ls
  20 7.4412868e+004 0.00e+000 2.29e-001  -1.0 8.81e+001    -  2.43e-001 1.00e+000f  1
  21 7.4401796e+004 0.00e+000 1.43e-001  -1.0 1.50e+002    -  4.80e-001 1.00e+000f  1
  22 7.4398627e+004 0.00e+000 3.45e-002  -1.0 4.56e+001    -  7.87e-001 1.00e+000f  1
  23 7.4398609e+004 0.00e+000 1.99e-003  -1.0 3.15e+001    -  9.98e-001 1.00e+000f  1
  24 7.4359222e+004 0.00e+000 8.40e-002  -1.7 4.67e+001    -  6.99e-001 4.62e-001f  1
  25 7.4328660e+004 0.00e+000 2.02e-002  -2.5 4.67e+001    -  9.37e-001 8.82e-001f  1
  26 7.4327393e+004 0.00e+000 3.56e-002  -3.8 1.04e+001    -  9.96e-001 5.07e-001f  1
  27 7.4326538e+004 0.00e+000 3.83e-003  -3.8 6.50e+000    -  7.86e-001 8.72e-001f  1
  28 7.4326429e+004 0.00e+000 3.27e-005  -3.8 1.39e+000    -  1.00e+000 1.00e+000f  1
  29 7.4326408e+004 0.00e+000 8.30e-003  -5.7 4.18e-001    -  1.00e+000 8.59e-001f  1
iter    objective    inf_pr   inf_du lg(mu)  ||d||  lg(rg) alpha_du alpha_pr  ls
  30 7.4326404e+004 0.00e+000 7.27e-006  -5.7 1.61e-001    -  1.00e+000 1.00e+000f  1
  31 7.4326404e+004 0.00e+000 4.13e-007  -5.7 6.77e-002    -  1.00e+000 1.00e+000f  1
In iteration 31, 1 Slack too small, adjusting variable bound
  32 7.4326404e+004 0.00e+000 4.55e-006  -8.6 3.41e-002    -  1.00e+000 9.97e-001f  1
  33 7.4326404e+004 0.00e+000 8.59e-009  -8.6 1.33e-002    -  1.00e+000 1.00e+000h  1
  34 7.4326404e+004 0.00e+000 3.91e-010  -8.6 2.83e-003    -  1.00e+000 1.00e+000h  1
  35 7.4326404e+004 0.00e+000 1.16e-012  -9.0 1.54e-004    -  1.00e+000 1.00e+000h  1

Number of Iterations....: 35

                                   (scaled)                 (unscaled)
Objective...............:  7.4326404046915355e+004   7.4326404046915355e+004
Dual infeasibility......:  1.1616471233926127e-012   1.1616471233926127e-012
Constraint violation....:  0.0000000000000000e+000   0.0000000000000000e+000
Complementarity.........:  9.6885162672529788e-010   9.6885162672529788e-010
Overall NLP error.......:  9.6885162672529788e-010   9.6885162672529788e-010


Number of objective function evaluations             = 36
Number of objective gradient evaluations             = 36
Number of equality constraint evaluations            = 0
Number of inequality constraint evaluations          = 36
Number of equality constraint Jacobian evaluations   = 0
Number of inequality constraint Jacobian evaluations = 36
Number of Lagrangian Hessian evaluations             = 35
Total CPU secs in IPOPT (w/o function evaluations)   =     33.738
Total CPU secs in NLP function evaluations           =      5.622

EXIT: Optimal Solution Found.
