This is Ipopt version 3.12, running with linear solver ma27.

Number of nonzeros in equality constraint Jacobian...:   250000
Number of nonzeros in inequality constraint Jacobian.:  3373340
Number of nonzeros in Lagrangian Hessian.............:   250000

Total number of variables............................:   250000
                     variables with only lower bounds:        0
                variables with lower and upper bounds:   250000
                     variables with only upper bounds:        0
Total number of equality constraints.................:    50000
Total number of inequality constraints...............:      285
        inequality constraints with only lower bounds:        0
   inequality constraints with lower and upper bounds:      285
        inequality constraints with only upper bounds:        0

iter    objective    inf_pr   inf_du lg(mu)  ||d||  lg(rg) alpha_du alpha_pr  ls
   0 0.0000000e+000 1.13e+009 0.00e+000  -1.0 0.00e+000    -  0.00e+000 0.00e+000   0
   1 1.8162947e+001 1.11e+009 2.55e-001  -1.0 1.51e+003    -  1.85e-002 1.47e-002h  1
   2 2.9252340e+002 1.06e+009 1.25e+000  -1.0 2.04e+003    -  1.45e-002 4.50e-002h  1
   3 1.6317051e+003 9.70e+008 1.36e+000  -1.0 2.22e+003    -  5.27e-002 8.51e-002h  1
   4 6.2103549e+003 8.16e+008 2.99e+000  -1.0 2.04e+003    -  7.15e-002 1.54e-001h  1
   5 1.7641288e+004 6.00e+008 8.28e+000  -1.0 1.66e+003    -  1.18e-001 2.56e-001h  1
   6 3.8171635e+004 3.50e+008 1.70e+001  -1.0 1.35e+003    -  1.30e-001 3.97e-001h  1
   7 5.0173976e+004 2.35e+008 1.54e+001  -1.0 1.02e+003    -  1.25e-001 3.04e-001h  1
   8 5.8623752e+004 1.60e+008 1.28e+001  -1.0 8.38e+002    -  6.30e-002 2.84e-001h  1
   9 5.8912730e+004 1.57e+008 1.27e+001  -1.0 8.16e+002    -  8.96e-002 1.40e-002h  1
iter    objective    inf_pr   inf_du lg(mu)  ||d||  lg(rg) alpha_du alpha_pr  ls
  10 6.5429834e+004 9.93e+007 9.96e+000  -1.0 8.69e+002    -  1.42e-001 3.13e-001h  1
  11 6.9064124e+004 6.73e+007 7.84e+000  -1.0 7.28e+002    -  8.81e-002 2.54e-001h  1
  12 6.9834284e+004 6.24e+007 7.29e+000  -1.0 5.19e+002    -  8.35e-002 7.24e-002h  1
  13 7.3471788e+004 3.97e+007 5.03e+000  -1.0 5.42e+002    -  1.56e-001 3.63e-001h  1
  14 7.5117104e+004 2.86e+007 3.71e+000  -1.0 6.41e+002    -  1.40e-001 2.78e-001h  1
  15 7.6295644e+004 1.87e+007 2.50e+000  -1.0 7.78e+002    -  1.73e-002 3.41e-001h  1
  16 7.7027625e+004 1.19e+007 2.34e+000  -1.0 7.38e+002    -  1.90e-001 3.64e-001h  1
  17 7.7416168e+004 6.36e+006 2.04e+000  -1.0 7.87e+002    -  8.14e-002 4.65e-001h  1
  18 7.7417346e+004 5.99e+006 1.93e+000  -1.0 6.70e+002    -  1.89e-001 5.93e-002h  1
  19 7.7353869e+004 2.19e+006 2.28e+000  -1.0 7.47e+002    -  1.59e-001 6.29e-001f  1
iter    objective    inf_pr   inf_du lg(mu)  ||d||  lg(rg) alpha_du alpha_pr  ls
  20 7.7209349e+004 1.61e+006 1.73e+000  -1.0 5.87e+002    -  1.81e-001 2.58e-001f  1
  21 7.6689922e+004 8.37e+004 8.92e-001  -1.0 6.07e+002    -  1.26e-001 9.21e-001f  1
  22 7.6490283e+004 2.10e+004 7.44e-001  -1.0 2.62e+002    -  3.21e-001 6.85e-001f  1
  23 7.6394592e+004 1.02e+004 8.13e-001  -1.0 2.19e+002    -  3.71e-002 4.62e-001f  1
  24 7.6313534e+004 1.87e+003 6.03e-001  -1.0 1.71e+002    -  4.26e-001 7.01e-001f  1
  25 7.6264794e+004 2.84e-014 4.71e-001  -1.0 1.72e+002    -  1.37e-001 7.15e-001f  1
  26 7.6236952e+004 2.84e-014 3.57e-001  -1.0 1.44e+002    -  2.79e-001 1.00e+000f  1
  27 7.6220391e+004 2.84e-014 1.72e-001  -1.0 8.61e+001    -  5.24e-001 9.43e-001f  1
  28 7.6218737e+004 2.84e-014 2.76e-002  -1.0 3.07e+001    -  8.40e-001 1.00e+000f  1
  29 7.6218639e+004 2.84e-014 2.71e-003  -1.0 6.67e+001    -  9.96e-001 1.00e+000f  1
iter    objective    inf_pr   inf_du lg(mu)  ||d||  lg(rg) alpha_du alpha_pr  ls
  30 7.6201206e+004 2.84e-014 7.63e-003  -1.7 2.69e+001    -  1.00e+000 1.00e+000f  1
  31 7.6199360e+004 2.84e-014 2.87e-002  -2.5 1.38e+001    -  1.00e+000 6.57e-001f  1
  32 7.6198517e+004 2.84e-014 2.26e-004  -2.5 8.54e+000    -  1.00e+000 1.00e+000f  1
  33 7.6198205e+004 2.84e-014 4.20e-003  -3.8 2.32e+000    -  1.00e+000 9.11e-001f  1
  34 7.6198174e+004 2.84e-014 5.12e-005  -3.8 9.41e-001    -  1.00e+000 1.00e+000f  1
  35 7.6198157e+004 2.84e-014 3.71e-003  -5.7 3.32e-001    -  1.00e+000 9.16e-001f  1
  36 7.6198155e+004 2.84e-014 3.61e-006  -5.7 1.68e-001    -  1.00e+000 1.00e+000f  1
  37 7.6198155e+004 2.84e-014 1.83e-007  -5.7 4.83e-002    -  1.00e+000 1.00e+000h  1
In iteration 37, 1 Slack too small, adjusting variable bound
  38 7.6198155e+004 2.84e-014 2.13e-006  -8.6 1.03e-002    -  1.00e+000 9.99e-001f  1
  39 7.6198155e+004 2.84e-014 5.19e-012  -8.6 2.96e-004    -  1.00e+000 1.00e+000h  1

Number of Iterations....: 39

                                   (scaled)                 (unscaled)
Objective...............:  7.6198154754181320e+004   7.6198154754181320e+004
Dual infeasibility......:  5.1879117614353407e-012   5.1879117614353407e-012
Constraint violation....:  2.8421709430404007e-014   2.8421709430404007e-014
Complementarity.........:  2.5894528756310260e-009   2.5894528756310260e-009
Overall NLP error.......:  2.5894528756310260e-009   2.5894528756310260e-009


Number of objective function evaluations             = 40
Number of objective gradient evaluations             = 40
Number of equality constraint evaluations            = 40
Number of inequality constraint evaluations          = 40
Number of equality constraint Jacobian evaluations   = 40
Number of inequality constraint Jacobian evaluations = 40
Number of Lagrangian Hessian evaluations             = 39
Total CPU secs in IPOPT (w/o function evaluations)   =   1197.156
Total CPU secs in NLP function evaluations           =     16.879

EXIT: Optimal Solution Found.
