This is Ipopt version 3.12, running with linear solver ma27.

Number of nonzeros in equality constraint Jacobian...:   140000
Number of nonzeros in inequality constraint Jacobian.:        0
Number of nonzeros in Lagrangian Hessian.............:    20000

Total number of variables............................:    20000
                     variables with only lower bounds:        0
                variables with lower and upper bounds:    20000
                     variables with only upper bounds:        0
Total number of equality constraints.................:        7
Total number of inequality constraints...............:        0
        inequality constraints with only lower bounds:        0
   inequality constraints with lower and upper bounds:        0
        inequality constraints with only upper bounds:        0

iter    objective    inf_pr   inf_du lg(mu)  ||d||  lg(rg) alpha_du alpha_pr  ls
   0 0.0000000e+000 1.65e+009 0.00e+000  -1.0 0.00e+000    -  0.00e+000 0.00e+000   0
   1 5.0566459e+005 1.35e+009 4.06e+003  -1.0 1.12e+002    -  6.14e-003 1.84e-001h  1
   2 4.7805862e+006 6.89e+008 2.53e+003  -1.0 9.31e+001    -  1.84e-001 4.88e-001h  1
   3 6.0578403e+006 5.66e+008 2.08e+003  -1.0 4.95e+001    -  7.41e-001 1.78e-001h  1
   4 6.1338085e+006 5.60e+008 3.02e+003  -1.0 4.10e+001    -  8.20e-001 1.21e-002h  1
   5 7.3387505e+006 4.56e+008 3.17e+003  -1.0 4.05e+001    -  1.00e+000 1.85e-001h  1
   6 8.6661672e+006 3.52e+008 2.70e+003  -1.0 3.32e+001    -  1.00e+000 2.29e-001h  1
   7 9.7483999e+006 2.73e+008 2.33e+003  -1.0 2.58e+001    -  1.00e+000 2.25e-001h  1
   8 1.1149605e+007 1.77e+008 1.64e+003  -1.0 2.01e+001    -  1.00e+000 3.52e-001h  1
   9 1.2485508e+007 9.10e+007 9.38e+002  -1.0 1.32e+001    -  1.00e+000 4.86e-001h  1
iter    objective    inf_pr   inf_du lg(mu)  ||d||  lg(rg) alpha_du alpha_pr  ls
  10 1.3787256e+007 1.17e+007 1.35e+002  -1.0 6.84e+000    -  1.00e+000 8.71e-001h  1
  11 1.3985052e+007 6.25e-003 8.10e-001  -1.0 9.08e-001    -  1.00e+000 1.00e+000h  1
  12 1.3985049e+007 2.33e-004 2.54e-001  -1.7 3.02e-002    -  1.00e+000 1.00e+000f  1
  13 1.3985049e+007 7.63e-006 3.28e-002  -1.7 5.99e-004    -  1.00e+000 1.00e+000f  1
  14 1.3985049e+007 3.43e-005 2.56e-002  -2.5 7.23e-003    -  1.00e+000 1.00e+000f  1
  15 1.3985048e+007 0.00e+000 1.01e-002  -3.8 1.31e-003    -  1.00e+000 1.00e+000f  1
  16 1.3985048e+007 1.91e-006 1.91e-003  -3.8 1.73e-004    -  1.00e+000 1.00e+000f  1
  17 1.3985048e+007 3.81e-006 1.69e-004  -3.8 5.13e-005    -  1.00e+000 1.00e+000f  1
  18 1.3985048e+007 3.81e-006 8.97e-005  -5.7 7.09e-005    -  1.00e+000 1.00e+000f  1
  19 1.3985048e+007 0.00e+000 7.69e-007  -5.7 3.46e-006    -  1.00e+000 1.00e+000f  1
iter    objective    inf_pr   inf_du lg(mu)  ||d||  lg(rg) alpha_du alpha_pr  ls
  20 1.3985048e+007 0.00e+000 1.65e-008  -8.6 8.87e-007    -  1.00e+000 1.00e+000f  1
  21 1.3985048e+007 0.00e+000 1.65e-011  -9.0 1.06e-009    -  1.00e+000 1.00e+000f  1

Number of Iterations....: 21

                                   (scaled)                 (unscaled)
Objective...............:  1.3985048425041169e+007   1.3985048425041169e+007
Dual infeasibility......:  1.6506569157996389e-011   1.6506569157996389e-011
Constraint violation....:  0.0000000000000000e+000   0.0000000000000000e+000
Complementarity.........:  9.0910616743025701e-010   9.0910616743025701e-010
Overall NLP error.......:  9.0910616743025701e-010   9.0910616743025701e-010


Number of objective function evaluations             = 22
Number of objective gradient evaluations             = 22
Number of equality constraint evaluations            = 22
Number of inequality constraint evaluations          = 0
Number of equality constraint Jacobian evaluations   = 22
Number of inequality constraint Jacobian evaluations = 0
Number of Lagrangian Hessian evaluations             = 21
Total CPU secs in IPOPT (w/o function evaluations)   =      0.388
Total CPU secs in NLP function evaluations           =      0.668

EXIT: Optimal Solution Found.
