This is Ipopt version 3.12, running with linear solver ma27.

Number of nonzeros in equality constraint Jacobian...:     5000
Number of nonzeros in inequality constraint Jacobian.:    30000
Number of nonzeros in Lagrangian Hessian.............:     5000

Total number of variables............................:     5000
                     variables with only lower bounds:        0
                variables with lower and upper bounds:     5000
                     variables with only upper bounds:        0
Total number of equality constraints.................:        1
Total number of inequality constraints...............:        6
        inequality constraints with only lower bounds:        0
   inequality constraints with lower and upper bounds:        6
        inequality constraints with only upper bounds:        0

iter    objective    inf_pr   inf_du lg(mu)  ||d||  lg(rg) alpha_du alpha_pr  ls
   0 0.0000000e+000 6.33e+010 0.00e+000  -1.0 0.00e+000    -  0.00e+000 0.00e+000   0
   1 2.1221242e+002 6.27e+010 3.61e+001  -1.0 4.72e+003    -  7.91e-002 9.10e-003h  1
   2 4.2312713e+003 6.10e+010 5.57e+002  -1.0 1.56e+002    -  7.46e-002 2.74e-002h  1
   3 5.7712044e+003 6.06e+010 7.00e+002  -1.0 5.68e+001    -  5.39e-002 6.26e-003h  1
   4 1.8642883e+004 5.86e+010 1.09e+003  -1.0 4.28e+001    -  9.34e-002 3.39e-002h  1
   5 3.0383398e+004 5.73e+010 1.41e+003  -1.0 5.57e+001    -  6.39e-002 2.16e-002h  1
   6 6.8443517e+004 5.44e+010 2.04e+003  -1.0 5.66e+001    -  1.39e-001 5.04e-002h  1
   7 1.1950170e+005 5.17e+010 3.19e+003  -1.0 5.49e+001    -  2.08e-001 5.10e-002h  1
   8 1.3530887e+005 5.09e+010 4.01e+003  -1.0 6.16e+001    -  1.33e-001 1.41e-002h  1
   9 1.8045695e+005 4.91e+010 4.89e+003  -1.0 4.31e+001    -  1.89e-001 3.67e-002h  1
iter    objective    inf_pr   inf_du lg(mu)  ||d||  lg(rg) alpha_du alpha_pr  ls
  10 3.1169010e+005 4.47e+010 4.89e+003  -1.0 4.96e+001    -  1.62e-001 8.86e-002h  1
  11 3.3134081e+005 4.41e+010 5.71e+003  -1.0 4.03e+001    -  1.70e-001 1.26e-002h  1
  12 4.1467320e+005 4.19e+010 6.70e+003  -1.0 3.64e+001    -  3.06e-001 5.02e-002h  1
  13 5.2895083e+005 3.92e+010 6.67e+003  -1.0 3.41e+001    -  1.66e-001 6.42e-002h  1
  14 6.1370791e+005 3.74e+010 7.54e+003  -1.0 3.31e+001    -  3.69e-001 4.60e-002h  1
  15 7.3097128e+005 3.51e+010 7.65e+003  -1.0 3.05e+001    -  2.64e-001 6.12e-002h  1
  16 8.5657884e+005 3.29e+010 7.37e+003  -1.0 2.74e+001    -  1.51e-001 6.39e-002h  1
  17 9.3484589e+005 3.16e+010 7.75e+003  -1.0 2.39e+001    -  3.14e-001 3.98e-002h  1
  18 1.0839751e+006 2.92e+010 7.49e+003  -1.0 2.40e+001    -  2.30e-001 7.40e-002h  1
  19 1.2164188e+006 2.73e+010 7.19e+003  -1.0 2.33e+001    -  1.62e-001 6.60e-002h  1
iter    objective    inf_pr   inf_du lg(mu)  ||d||  lg(rg) alpha_du alpha_pr  ls
  20 1.2781715e+006 2.65e+010 8.27e+003  -1.0 2.21e+001    -  5.91e-001 3.14e-002h  1
  21 1.5005965e+006 2.36e+010 7.24e+003  -1.0 2.29e+001    -  4.86e-002 1.10e-001h  1
  22 1.5423174e+006 2.30e+010 9.39e+003  -1.0 3.92e+001    -  9.92e-001 2.20e-002h  1
  23 1.7508079e+006 2.06e+010 8.38e+003  -1.0 4.37e+001    -  1.03e-001 1.07e-001h  1
  24 1.7729145e+006 2.03e+010 8.89e+003  -1.0 4.14e+001    -  4.19e-001 1.22e-002h  1
  25 1.8112595e+006 1.99e+010 1.09e+004  -1.0 1.48e+001    -  1.00e+000 2.12e-002h  1
  26 2.1308401e+006 1.65e+010 9.09e+003  -1.0 1.13e+001    -  3.14e-001 1.70e-001h  1
  27 2.3390855e+006 1.45e+010 9.13e+003  -1.0 1.01e+001    -  1.00e+000 1.23e-001h  1
  28 2.5108934e+006 1.29e+010 8.36e+003  -1.0 8.35e+000    -  5.30e-001 1.10e-001h  1
  29 2.6282123e+006 1.18e+010 8.19e+003  -1.0 7.79e+000    -  8.69e-001 8.13e-002h  1
iter    objective    inf_pr   inf_du lg(mu)  ||d||  lg(rg) alpha_du alpha_pr  ls
  30 2.8106390e+006 1.03e+010 7.16e+003  -1.0 7.31e+000    -  3.32e-001 1.33e-001h  1
  31 2.9647789e+006 8.98e+009 6.23e+003  -1.0 5.23e+001    -  7.22e-003 1.24e-001h  1
  32 3.0239338e+006 8.51e+009 6.31e+003  -1.0 8.69e+001    -  1.00e+000 5.30e-002h  1
  33 3.1962115e+006 7.15e+009 5.30e+003  -1.0 9.59e+001    -  1.13e-001 1.59e-001h  1
  34 3.2470270e+006 6.76e+009 5.16e+003  -1.0 1.02e+002    -  1.00e+000 5.45e-002h  1
  35 3.4027732e+006 5.59e+009 4.27e+003  -1.0 1.17e+002    -  2.69e-001 1.73e-001h  1
  36 3.4366234e+006 5.34e+009 4.25e+003  -1.0 1.26e+002    -  1.00e+000 4.46e-002h  1
  37 3.6199922e+006 4.02e+009 3.20e+003  -1.0 1.30e+002    -  4.31e-001 2.48e-001h  1
  38 3.6875531e+006 3.54e+009 2.91e+003  -1.0 1.11e+002    -  1.00e+000 1.19e-001h  1
  39 3.8167499e+006 2.64e+009 2.19e+003  -1.0 1.09e+002    -  8.52e-001 2.53e-001h  1
iter    objective    inf_pr   inf_du lg(mu)  ||d||  lg(rg) alpha_du alpha_pr  ls
  40 3.8863319e+006 2.17e+009 1.84e+003  -1.0 8.80e+001    -  1.00e+000 1.80e-001h  1
  41 3.9571918e+006 1.69e+009 1.45e+003  -1.0 7.63e+001    -  1.00e+000 2.20e-001h  1
  42 3.9913798e+006 1.46e+009 1.28e+003  -1.0 6.92e+001    -  1.00e+000 1.35e-001h  1
  43 4.1228705e+006 5.94e+008 5.24e+002  -1.0 6.13e+001    -  1.00e+000 5.94e-001h  1
  44 4.2056025e+006 5.73e+007 5.13e+001  -1.0 2.58e+001    -  1.00e+000 9.04e-001h  1
  45 4.2144938e+006 0.00e+000 5.44e-002  -1.0 2.68e+000    -  1.00e+000 1.00e+000h  1
  46 4.2144458e+006 0.00e+000 1.05e-001  -1.7 4.71e-001    -  1.00e+000 1.00e+000f  1
  47 4.2144346e+006 0.00e+000 4.98e-002  -2.5 1.56e-001    -  1.00e+000 1.00e+000f  1
  48 4.2144344e+006 0.00e+000 9.11e-003  -2.5 1.89e-002    -  1.00e+000 1.00e+000f  1
  49 4.2144327e+006 0.00e+000 6.49e-003  -3.8 2.52e-002    -  1.00e+000 1.00e+000f  1
iter    objective    inf_pr   inf_du lg(mu)  ||d||  lg(rg) alpha_du alpha_pr  ls
  50 4.2144327e+006 0.00e+000 1.41e-003  -3.8 2.59e-003    -  1.00e+000 1.00e+000f  1
  51 4.2144326e+006 0.00e+000 5.95e-004  -5.7 2.29e-003    -  1.00e+000 1.00e+000f  1
  52 4.2144326e+006 0.00e+000 1.45e-004  -5.7 3.97e-004    -  1.00e+000 1.00e+000f  1
  53 4.2144326e+006 0.00e+000 3.27e-005  -5.7 1.15e-004    -  1.00e+000 1.00e+000f  1
  54 4.2144326e+006 0.00e+000 5.52e-006  -5.7 2.64e-005    -  1.00e+000 1.00e+000h  1
In iteration 54, 1 Slack too small, adjusting variable bound
  55 4.2144326e+006 0.00e+000 3.70e-006  -8.6 4.24e-005    -  1.00e+000 1.00e+000f  1
In iteration 55, 1 Slack too small, adjusting variable bound
  56 4.2144326e+006 0.00e+000 4.71e-007  -8.6 4.22e-006    -  1.00e+000 1.00e+000h  1
In iteration 56, 1 Slack too small, adjusting variable bound
  57 4.2144326e+006 0.00e+000 1.38e-008  -8.6 6.09e-007    -  1.00e+000 1.00e+000h  1
In iteration 57, 2 Slacks too small, adjusting variable bounds
  58 4.2144326e+006 1.17e-009 4.16e-011  -9.0 6.16e-008    -  1.00e+000 1.00e+000h  1

Number of Iterations....: 58

                                   (scaled)                 (unscaled)
Objective...............:  4.2144326228892682e+006   4.2144326228892682e+006
Dual infeasibility......:  4.1587831352634983e-011   4.1587831352634983e-011
Constraint violation....:  5.8207660913467407e-011   1.1723779607564212e-009
Complementarity.........:  1.1559226878333502e-009   1.1559226878333502e-009
Overall NLP error.......:  1.1559226878333502e-009   1.1723779607564212e-009


Number of objective function evaluations             = 59
Number of objective gradient evaluations             = 59
Number of equality constraint evaluations            = 59
Number of inequality constraint evaluations          = 59
Number of equality constraint Jacobian evaluations   = 59
Number of inequality constraint Jacobian evaluations = 59
Number of Lagrangian Hessian evaluations             = 58
Total CPU secs in IPOPT (w/o function evaluations)   =      0.250
Total CPU secs in NLP function evaluations           =      0.344

EXIT: Optimal Solution Found.
