This is Ipopt version 3.12, running with linear solver ma27.

Number of nonzeros in equality constraint Jacobian...:    35000
Number of nonzeros in inequality constraint Jacobian.:        0
Number of nonzeros in Lagrangian Hessian.............:     5000

Total number of variables............................:     5000
                     variables with only lower bounds:        0
                variables with lower and upper bounds:     5000
                     variables with only upper bounds:        0
Total number of equality constraints.................:        7
Total number of inequality constraints...............:        0
        inequality constraints with only lower bounds:        0
   inequality constraints with lower and upper bounds:        0
        inequality constraints with only upper bounds:        0

iter    objective    inf_pr   inf_du lg(mu)  ||d||  lg(rg) alpha_du alpha_pr  ls
   0 0.0000000e+000 6.42e+010 0.00e+000  -1.0 0.00e+000    -  0.00e+000 0.00e+000   0
   1 1.3084391e+003 6.30e+010 6.46e+002  -1.0 3.75e+001    -  7.00e-002 1.85e-002h  1
   2 3.1013905e+003 6.23e+010 6.62e+002  -1.0 1.85e+001    -  5.76e-002 1.06e-002h  1
   3 4.6981257e+003 6.19e+010 1.18e+003  -1.0 2.70e+001    -  9.70e-002 6.89e-003h  1
   4 2.5695613e+004 5.89e+010 1.36e+003  -1.0 3.32e+001    -  8.86e-002 4.77e-002h  1
   5 3.1670410e+004 5.84e+010 2.50e+003  -1.0 5.08e+001    -  1.47e-001 9.68e-003h  1
   6 8.9562203e+004 5.45e+010 2.53e+003  -1.0 5.09e+001    -  9.31e-002 6.60e-002h  1
   7 1.6179526e+005 5.13e+010 3.87e+003  -1.0 4.98e+001    -  2.42e-001 5.98e-002h  1
   8 1.8413611e+005 5.04e+010 5.11e+003  -1.0 5.21e+001    -  2.12e-001 1.66e-002h  1
   9 2.4771409e+005 4.82e+010 5.43e+003  -1.0 4.50e+001    -  1.45e-001 4.31e-002h  1
iter    objective    inf_pr   inf_du lg(mu)  ||d||  lg(rg) alpha_du alpha_pr  ls
  10 3.5438860e+005 4.51e+010 6.04e+003  -1.0 5.16e+001    -  2.67e-001 6.41e-002h  1
  11 3.9396460e+005 4.41e+010 6.05e+003  -1.0 4.77e+001    -  6.41e-002 2.28e-002h  1
  12 4.6673570e+005 4.23e+010 6.28e+003  -1.0 4.42e+001    -  1.82e-001 3.99e-002h  1
  13 5.5778020e+005 4.03e+010 6.09e+003  -1.0 5.35e+001    -  8.92e-002 4.77e-002h  1
  14 6.4101892e+005 3.86e+010 6.52e+003  -1.0 5.53e+001    -  3.17e-001 4.23e-002h  1
  15 6.7862259e+005 3.79e+010 6.86e+003  -1.0 4.23e+001    -  2.94e-001 1.90e-002h  1
  16 8.2483821e+005 3.52e+010 6.45e+003  -1.0 3.39e+001    -  1.38e-001 7.06e-002h  1
  17 9.4086620e+005 3.33e+010 6.22e+003  -1.0 3.11e+001    -  2.08e-001 5.54e-002h  1
  18 1.0173435e+006 3.20e+010 6.29e+003  -1.0 3.25e+001    -  4.60e-001 3.67e-002h  1
  19 1.1480420e+006 3.01e+010 5.90e+003  -1.0 2.75e+001    -  5.37e-002 6.17e-002h  1
iter    objective    inf_pr   inf_du lg(mu)  ||d||  lg(rg) alpha_du alpha_pr  ls
  20 1.1976053e+006 2.93e+010 6.46e+003  -1.0 3.62e+001    -  2.74e-001 2.39e-002h  1
  21 1.3982916e+006 2.66e+010 5.89e+003  -1.0 3.95e+001    -  1.07e-001 9.41e-002h  1
  22 1.4673600e+006 2.57e+010 7.34e+003  -1.0 4.00e+001    -  4.92e-001 3.39e-002h  1
  23 1.5291974e+006 2.49e+010 7.69e+003  -1.0 3.86e+001    -  2.62e-001 3.06e-002h  1
  24 1.5733772e+006 2.43e+010 8.90e+003  -1.0 2.47e+001    -  4.83e-001 2.21e-002h  1
  25 1.8651221e+006 2.09e+010 9.32e+003  -1.0 2.48e+001    -  1.00e+000 1.41e-001h  1
  26 1.9137459e+006 2.04e+010 9.54e+003  -1.0 1.71e+001    -  2.99e-001 2.60e-002h  1
  27 2.1414642e+006 1.79e+010 9.87e+003  -1.0 1.69e+001    -  1.00e+000 1.20e-001h  1
  28 2.2805127e+006 1.65e+010 9.51e+003  -1.0 1.30e+001    -  4.21e-001 7.90e-002h  1
  29 2.4450157e+006 1.49e+010 9.64e+003  -1.0 1.11e+001    -  7.81e-001 9.74e-002h  1
iter    objective    inf_pr   inf_du lg(mu)  ||d||  lg(rg) alpha_du alpha_pr  ls
  30 2.6396985e+006 1.31e+010 9.29e+003  -1.0 1.12e+001    -  6.80e-001 1.22e-001h  1
  31 2.7901889e+006 1.17e+010 8.60e+003  -1.0 9.53e+000    -  3.35e-001 1.03e-001h  1
  32 2.8794894e+006 1.10e+010 9.19e+003  -1.0 7.90e+000    -  1.00e+000 6.63e-002h  1
  33 3.0968117e+006 9.13e+009 7.78e+003  -1.0 6.56e+000    -  4.72e-001 1.67e-001h  1
  34 3.1651746e+006 8.57e+009 7.97e+003  -1.0 5.72e+000    -  1.00e+000 6.11e-002h  1
  35 3.3385685e+006 7.19e+009 6.85e+003  -1.0 5.44e+000    -  7.75e-001 1.61e-001h  1
  36 3.4509725e+006 6.32e+009 6.21e+003  -1.0 4.84e+000    -  5.69e-001 1.21e-001h  1
  37 3.5499473e+006 5.57e+009 5.80e+003  -1.0 4.40e+000    -  1.00e+000 1.19e-001h  1
  38 3.6672904e+006 4.70e+009 5.00e+003  -1.0 4.05e+000    -  6.33e-001 1.56e-001h  1
  39 3.7279466e+006 4.26e+009 4.80e+003  -1.0 3.58e+000    -  1.00e+000 9.41e-002h  1
iter    objective    inf_pr   inf_du lg(mu)  ||d||  lg(rg) alpha_du alpha_pr  ls
  40 3.9250650e+006 2.86e+009 3.34e+003  -1.0 3.38e+000    -  9.55e-001 3.29e-001h  1
  41 3.9627956e+006 2.59e+009 3.15e+003  -1.0 2.33e+000    -  1.00e+000 9.20e-002h  1
  42 4.1039338e+006 1.63e+009 2.01e+003  -1.0 2.10e+000    -  1.00e+000 3.73e-001h  1
  43 4.1517681e+006 1.30e+009 1.65e+003  -1.0 1.19e+000    -  1.00e+000 1.98e-001h  1
  44 4.2515779e+006 6.38e+008 8.19e+002  -1.0 9.62e-001    -  1.00e+000 5.10e-001h  1
  45 4.2923361e+006 3.70e+008 4.85e+002  -1.0 4.72e-001    -  1.00e+000 4.21e-001h  1
  46 4.3233851e+006 1.67e+008 2.22e+002  -1.0 2.59e-001    -  1.00e+000 5.50e-001h  1
  47 4.3489565e+006 8.04e-002 6.75e-001  -1.0 1.20e-001    -  1.00e+000 1.00e+000h  1
  48 4.3489147e+006 1.77e-003 1.04e-001  -1.7 2.54e-002    -  1.00e+000 1.00e+000f  1
  49 4.3489049e+006 3.36e-004 4.95e-002  -2.5 6.08e-003    -  1.00e+000 1.00e+000f  1
iter    objective    inf_pr   inf_du lg(mu)  ||d||  lg(rg) alpha_du alpha_pr  ls
  50 4.3489047e+006 3.05e-005 9.07e-003  -2.5 4.39e-004    -  1.00e+000 1.00e+000f  1
  51 4.3489032e+006 3.05e-005 6.43e-003  -3.8 7.07e-004    -  1.00e+000 1.00e+000f  1
  52 4.3489032e+006 0.00e+000 1.36e-003  -3.8 1.69e-004    -  1.00e+000 1.00e+000f  1
  53 4.3489032e+006 0.00e+000 5.45e-004  -5.7 1.07e-004    -  1.00e+000 1.00e+000f  1
  54 4.3489031e+006 0.00e+000 1.02e-004  -5.7 4.62e-005    -  1.00e+000 1.00e+000f  1
  55 4.3489031e+006 0.00e+000 9.09e-006  -5.7 1.38e-005    -  1.00e+000 1.00e+000f  1
  56 4.3489031e+006 0.00e+000 5.87e-007  -8.6 3.50e-006    -  1.00e+000 1.00e+000f  1
  57 4.3489031e+006 0.00e+000 4.97e-010  -8.6 1.02e-007    -  1.00e+000 1.00e+000f  1

Number of Iterations....: 57

                                   (scaled)                 (unscaled)
Objective...............:  4.3489031488854578e+006   4.3489031488854578e+006
Dual infeasibility......:  4.9737244527834022e-010   4.9737244527834022e-010
Constraint violation....:  0.0000000000000000e+000   0.0000000000000000e+000
Complementarity.........:  2.5808145813655603e-009   2.5808145813655603e-009
Overall NLP error.......:  2.5808145813655603e-009   2.5808145813655603e-009


Number of objective function evaluations             = 58
Number of objective gradient evaluations             = 58
Number of equality constraint evaluations            = 58
Number of inequality constraint evaluations          = 0
Number of equality constraint Jacobian evaluations   = 58
Number of inequality constraint Jacobian evaluations = 0
Number of Lagrangian Hessian evaluations             = 57
Total CPU secs in IPOPT (w/o function evaluations)   =      0.479
Total CPU secs in NLP function evaluations           =      0.848

EXIT: Optimal Solution Found.
