This is Ipopt version 3.12, running with linear solver ma27.

Number of nonzeros in equality constraint Jacobian...:        0
Number of nonzeros in inequality constraint Jacobian.:    16275
Number of nonzeros in Lagrangian Hessian.............:     5000

Total number of variables............................:     5000
                     variables with only lower bounds:        0
                variables with lower and upper bounds:     5000
                     variables with only upper bounds:        0
Total number of equality constraints.................:        0
Total number of inequality constraints...............:        6
        inequality constraints with only lower bounds:        0
   inequality constraints with lower and upper bounds:        6
        inequality constraints with only upper bounds:        0

iter    objective    inf_pr   inf_du lg(mu)  ||d||  lg(rg) alpha_du alpha_pr  ls
   0 0.0000000e+000 6.22e+010 0.00e+000  -1.0 0.00e+000    -  0.00e+000 0.00e+000   0
   1 4.7093392e+004 5.67e+010 4.57e-001  -1.0 7.79e+000    -  1.18e-001 8.89e-002h  1
   2 3.3024987e+005 4.66e+010 7.41e-001  -1.0 4.76e+001    -  2.98e-002 1.78e-001h  1
   3 6.9683431e+005 3.95e+010 8.48e-001  -1.0 2.73e+001    -  1.30e-001 1.53e-001h  1
   4 1.4535407e+006 2.92e+010 1.68e+000  -1.0 2.25e+001    -  1.34e-001 2.59e-001h  1
   5 2.5296052e+006 1.88e+010 2.03e+000  -1.0 1.06e+001    -  2.27e-001 3.57e-001h  1
   6 3.9671797e+006 7.49e+009 1.88e+000  -1.0 8.04e+000    -  3.25e-001 6.01e-001h  1
   7 4.8518159e+006 0.00e+000 3.33e-001  -1.0 4.74e+000    -  5.13e-001 1.00e+000h  1
   8 4.6045987e+006 0.00e+000 4.16e-001  -1.0 3.53e+000    -  7.55e-001 1.00e+000f  1
   9 4.5555502e+006 0.00e+000 7.36e-002  -1.0 8.65e+000    -  9.10e-001 1.00e+000f  1
iter    objective    inf_pr   inf_du lg(mu)  ||d||  lg(rg) alpha_du alpha_pr  ls
  10 4.6052854e+006 0.00e+000 8.28e-003  -1.0 2.76e+002    -  9.91e-001 1.00e+000f  1
  11 4.1689499e+006 0.00e+000 5.99e-001  -1.7 2.63e+002    -  6.14e-001 1.00e+000f  1
  12 4.1059166e+006 0.00e+000 9.72e-002  -1.7 5.40e+001    -  8.99e-001 4.81e-001f  1
  13 3.9104455e+006 0.00e+000 3.00e-001  -2.5 2.36e+000    -  5.00e-001 1.00e+000f  1
  14 3.8841110e+006 0.00e+000 4.42e-003  -2.5 7.52e-001    -  1.00e+000 1.00e+000f  1
  15 3.8637393e+006 0.00e+000 1.86e-002  -3.8 7.11e-001    -  8.22e-001 9.74e-001f  1
  16 3.8611315e+006 0.00e+000 8.92e-004  -3.8 2.79e-001    -  1.00e+000 1.00e+000f  1
  17 3.8600264e+006 0.00e+000 1.23e-003  -5.7 2.05e-001    -  9.50e-001 1.00e+000f  1
  18 3.8599151e+006 0.00e+000 1.27e-004  -5.7 1.08e-001    -  1.00e+000 1.00e+000f  1
  19 3.8598987e+006 0.00e+000 3.54e-005  -5.7 5.52e-002    -  1.00e+000 1.00e+000f  1
iter    objective    inf_pr   inf_du lg(mu)  ||d||  lg(rg) alpha_du alpha_pr  ls
  20 3.8598965e+006 0.00e+000 6.90e-006  -5.7 2.34e-002    -  1.00e+000 1.00e+000f  1
  21 3.8598876e+006 0.00e+000 5.02e-006  -8.6 1.63e-002    -  1.00e+000 1.00e+000f  1
  22 3.8598874e+006 0.00e+000 1.19e-006  -8.6 5.27e-003    -  1.00e+000 1.00e+000f  1
  23 3.8598874e+006 0.00e+000 2.97e-007  -8.6 6.53e-004    -  1.00e+000 1.00e+000h  1
  24 3.8598874e+006 0.00e+000 7.06e-008  -8.6 1.20e-004    -  1.00e+000 1.00e+000f  1
  25 3.8598874e+006 0.00e+000 1.43e-008  -8.6 5.39e-005    -  1.00e+000 1.00e+000f  1
  26 3.8598874e+006 0.00e+000 5.01e-009  -9.0 3.19e-005    -  1.00e+000 1.00e+000h  1

Number of Iterations....: 26

                                   (scaled)                 (unscaled)
Objective...............:  3.8598874216520011e+002   3.8598874216520009e+006
Dual infeasibility......:  5.0123635256106695e-009   5.0123635256106698e-005
Constraint violation....:  0.0000000000000000e+000   0.0000000000000000e+000
Complementarity.........:  1.6638432884256105e-009   1.6638432884256106e-005
Overall NLP error.......:  5.0123635256106695e-009   5.0123635256106698e-005


Number of objective function evaluations             = 27
Number of objective gradient evaluations             = 27
Number of equality constraint evaluations            = 0
Number of inequality constraint evaluations          = 27
Number of equality constraint Jacobian evaluations   = 0
Number of inequality constraint Jacobian evaluations = 27
Number of Lagrangian Hessian evaluations             = 26
Total CPU secs in IPOPT (w/o function evaluations)   =      0.169
Total CPU secs in NLP function evaluations           =      0.271

EXIT: Optimal Solution Found.
