This is Ipopt version 3.12, running with linear solver ma27.

Number of nonzeros in equality constraint Jacobian...:    20000
Number of nonzeros in inequality constraint Jacobian.:        0
Number of nonzeros in Lagrangian Hessian.............:     5000

Total number of variables............................:     5000
                     variables with only lower bounds:        0
                variables with lower and upper bounds:        0
                     variables with only upper bounds:        0
Total number of equality constraints.................:        4
Total number of inequality constraints...............:        0
        inequality constraints with only lower bounds:        0
   inequality constraints with lower and upper bounds:        0
        inequality constraints with only upper bounds:        0

iter    objective    inf_pr   inf_du lg(mu)  ||d||  lg(rg) alpha_du alpha_pr  ls
   0 0.0000000e+000 6.53e+010 0.00e+000  -1.0 0.00e+000    -  0.00e+000 0.00e+000   0
   1 4.0647053e+004 5.71e+010 5.14e+005  -1.0 3.38e+001    -  1.00e+000 1.25e-001h  4
   2 1.2540302e+006 3.05e-005 2.17e+005  -1.0 9.25e+001    -  1.00e+000 1.00e+000h  1
   3 1.1959479e+006 0.00e+000 9.14e+004  -1.0 3.12e+001    -  1.00e+000 1.00e+000f  1
   4 1.1831045e+006 0.00e+000 3.85e+004  -1.0 1.44e+001    -  1.00e+000 1.00e+000f  1
   5 1.1745227e+006 0.00e+000 1.62e+004  -1.0 1.49e+001    -  1.00e+000 1.00e+000f  1
   6 1.1719934e+006 0.00e+000 6.75e+003  -1.0 3.42e+000    -  1.00e+000 1.00e+000f  1
   7 1.1680099e+006 0.00e+000 2.78e+003  -1.0 1.28e+001    -  1.00e+000 1.00e+000f  1
   8 1.1678169e+006 0.00e+000 1.11e+003  -1.0 2.15e+000    -  1.00e+000 1.00e+000f  1
   9 1.1677687e+006 0.00e+000 4.05e+002  -1.0 6.48e-002    -  1.00e+000 1.00e+000f  1
iter    objective    inf_pr   inf_du lg(mu)  ||d||  lg(rg) alpha_du alpha_pr  ls
  10 1.1677537e+006 0.00e+000 1.20e+002  -1.0 6.10e-002    -  1.00e+000 1.00e+000f  1
  11 1.1677513e+006 0.00e+000 2.05e+001  -1.0 3.71e-002    -  1.00e+000 1.00e+000f  1
  12 1.1677512e+006 0.00e+000 9.00e-001  -1.0 9.32e-003    -  1.00e+000 1.00e+000f  1
  13 1.1677512e+006 0.00e+000 1.92e-003  -1.7 4.48e-004    -  1.00e+000 1.00e+000f  1
  14 1.1677512e+006 0.00e+000 8.79e-009  -3.8 9.60e-007    -  1.00e+000 1.00e+000f  1

Number of Iterations....: 14

                                   (scaled)                 (unscaled)
Objective...............:  1.1677511601587809e+006   1.1677511601587809e+006
Dual infeasibility......:  8.7915736912691500e-009   8.7915736912691500e-009
Constraint violation....:  0.0000000000000000e+000   0.0000000000000000e+000
Complementarity.........:  0.0000000000000000e+000   0.0000000000000000e+000
Overall NLP error.......:  8.7915736912691500e-009   8.7915736912691500e-009


Number of objective function evaluations             = 18
Number of objective gradient evaluations             = 15
Number of equality constraint evaluations            = 18
Number of inequality constraint evaluations          = 0
Number of equality constraint Jacobian evaluations   = 15
Number of inequality constraint Jacobian evaluations = 0
Number of Lagrangian Hessian evaluations             = 14
Total CPU secs in IPOPT (w/o function evaluations)   =      0.034
Total CPU secs in NLP function evaluations           =      0.062

EXIT: Optimal Solution Found.
