This is Ipopt version 3.12, running with linear solver ma27.

Number of nonzeros in equality constraint Jacobian...:    20000
Number of nonzeros in inequality constraint Jacobian.:        0
Number of nonzeros in Lagrangian Hessian.............:     5000

Total number of variables............................:     5000
                     variables with only lower bounds:        0
                variables with lower and upper bounds:     5000
                     variables with only upper bounds:        0
Total number of equality constraints.................:        4
Total number of inequality constraints...............:        0
        inequality constraints with only lower bounds:        0
   inequality constraints with lower and upper bounds:        0
        inequality constraints with only upper bounds:        0

iter    objective    inf_pr   inf_du lg(mu)  ||d||  lg(rg) alpha_du alpha_pr  ls
   0 0.0000000e+000 6.53e+010 0.00e+000  -1.0 0.00e+000    -  0.00e+000 0.00e+000   0
   1 7.7510942e+002 6.39e+010 6.20e+002  -1.0 3.36e+001    -  8.66e-002 2.06e-002h  1
   2 1.9619760e+003 6.31e+010 6.32e+002  -1.0 1.71e+001    -  6.00e-002 1.31e-002h  1
   3 3.1499564e+003 6.25e+010 1.00e+003  -1.0 2.66e+001    -  9.43e-002 9.30e-003h  1
   4 1.9397421e+004 5.86e+010 9.15e+002  -1.0 3.36e+001    -  5.67e-002 6.26e-002h  1
   5 2.2703231e+004 5.80e+010 1.55e+003  -1.0 4.93e+001    -  1.10e-001 9.21e-003h  1
   6 4.8522027e+004 5.48e+010 2.22e+003  -1.0 4.90e+001    -  1.83e-001 5.55e-002h  1
   7 9.0046258e+004 5.12e+010 2.78e+003  -1.0 4.63e+001    -  1.90e-001 6.62e-002h  1
   8 9.9646790e+004 5.05e+010 3.71e+003  -1.0 5.34e+001    -  1.82e-001 1.37e-002h  1
   9 1.3577838e+005 4.81e+010 4.19e+003  -1.0 3.65e+001    -  1.78e-001 4.67e-002h  1
iter    objective    inf_pr   inf_du lg(mu)  ||d||  lg(rg) alpha_du alpha_pr  ls
  10 2.3588037e+005 4.30e+010 4.33e+003  -1.0 4.06e+001    -  2.34e-001 1.06e-001h  1
  11 2.4960322e+005 4.24e+010 5.55e+003  -1.0 3.29e+001    -  2.97e-001 1.40e-002h  1
  12 3.2391279e+005 3.94e+010 5.67e+003  -1.0 2.88e+001    -  2.21e-001 7.04e-002h  1
  13 3.9359579e+005 3.69e+010 6.04e+003  -1.0 2.64e+001    -  2.93e-001 6.26e-002h  1
  14 4.7672393e+005 3.43e+010 6.48e+003  -1.0 2.47e+001    -  3.97e-001 7.16e-002h  1
  15 5.6851572e+005 3.17e+010 6.33e+003  -1.0 2.40e+001    -  2.40e-001 7.67e-002h  1
  16 6.2481642e+005 3.02e+010 6.91e+003  -1.0 2.16e+001    -  4.83e-001 4.72e-002h  1
  17 7.3290850e+005 2.75e+010 6.66e+003  -1.0 1.69e+001    -  3.61e-001 8.83e-002h  1
  18 8.5677616e+005 2.47e+010 6.42e+003  -1.0 1.66e+001    -  4.47e-001 1.01e-001h  1
  19 9.4585477e+005 2.29e+010 6.64e+003  -1.0 1.65e+001    -  6.97e-001 7.50e-002h  1
iter    objective    inf_pr   inf_du lg(mu)  ||d||  lg(rg) alpha_du alpha_pr  ls
  20 1.0469911e+006 2.09e+010 6.27e+003  -1.0 1.43e+001    -  4.08e-001 8.67e-002h  1
  21 1.1764535e+006 1.85e+010 5.63e+003  -1.0 1.39e+001    -  2.44e-001 1.14e-001h  1
  22 1.2715344e+006 1.69e+010 5.84e+003  -1.0 1.83e+001    -  1.00e+000 8.89e-002h  1
  23 1.3449301e+006 1.57e+010 5.45e+003  -1.0 2.31e+001    -  1.30e-001 7.23e-002h  1
  24 1.4195217e+006 1.45e+010 5.66e+003  -1.0 2.33e+001    -  1.00e+000 7.65e-002h  1
  25 1.5370511e+006 1.26e+010 5.01e+003  -1.0 2.38e+001    -  2.67e-001 1.25e-001h  1
  26 1.5399415e+006 1.26e+010 5.79e+003  -1.0 8.71e+000    -  1.00e+000 3.42e-003h  1
  27 1.7060749e+006 1.02e+010 4.95e+003  -1.0 7.63e+000    -  1.00e+000 1.90e-001h  1
  28 1.8192949e+006 8.65e+009 4.44e+003  -1.0 5.12e+000    -  8.86e-001 1.52e-001h  1
  29 1.9565624e+006 6.86e+009 3.67e+003  -1.0 4.45e+000    -  1.00e+000 2.07e-001h  1
iter    objective    inf_pr   inf_du lg(mu)  ||d||  lg(rg) alpha_du alpha_pr  ls
  30 2.0183625e+006 6.08e+009 3.39e+003  -1.0 3.41e+000    -  1.00e+000 1.14e-001h  1
  31 2.1146467e+006 4.90e+009 2.78e+003  -1.0 2.84e+000    -  1.00e+000 1.95e-001h  1
  32 2.1817043e+006 4.09e+009 2.40e+003  -1.0 2.34e+000    -  1.00e+000 1.64e-001h  1
  33 2.2957661e+006 2.76e+009 1.65e+003  -1.0 1.97e+000    -  1.00e+000 3.25e-001h  1
  34 2.3410487e+006 2.25e+009 1.37e+003  -1.0 1.36e+000    -  1.00e+000 1.87e-001h  1
  35 2.3864455e+006 1.74e+009 1.08e+003  -1.0 1.13e+000    -  1.00e+000 2.27e-001h  1
  36 2.4590607e+006 9.36e+008 5.90e+002  -1.0 8.90e-001    -  1.00e+000 4.62e-001h  1
  37 2.4843454e+006 6.60e+008 4.23e+002  -1.0 4.87e-001    -  1.00e+000 2.95e-001h  1
  38 2.5455387e+006 0.00e+000 6.72e+000  -1.0 3.47e-001    -  1.00e+000 1.00e+000h  1
  39 2.5455387e+006 0.00e+000 1.92e-003  -1.0 5.46e-003    -  1.00e+000 1.00e+000f  1
iter    objective    inf_pr   inf_du lg(mu)  ||d||  lg(rg) alpha_du alpha_pr  ls
  40 2.5454969e+006 0.00e+000 1.55e-001  -2.5 9.33e-003    -  1.00e+000 1.00e+000f  1
  41 2.5454960e+006 0.00e+000 3.38e-002  -2.5 8.40e-004    -  1.00e+000 1.00e+000f  1
  42 2.5454960e+006 0.00e+000 5.48e-003  -2.5 3.36e-004    -  1.00e+000 1.00e+000f  1
  43 2.5454948e+006 0.00e+000 5.39e-003  -3.8 3.32e-004    -  1.00e+000 1.00e+000f  1
  44 2.5454948e+006 0.00e+000 1.01e-003  -3.8 1.42e-004    -  1.00e+000 1.00e+000f  1
  45 2.5454947e+006 0.00e+000 3.52e-004  -5.7 8.39e-005    -  1.00e+000 1.00e+000f  1
  46 2.5454947e+006 0.00e+000 2.62e-005  -5.7 2.28e-005    -  1.00e+000 1.00e+000f  1
  47 2.5454947e+006 0.00e+000 1.99e-007  -5.7 1.99e-006    -  1.00e+000 1.00e+000f  1
  48 2.5454947e+006 0.00e+000 4.63e-008  -8.6 9.61e-007    -  1.00e+000 1.00e+000f  1
  49 2.5454947e+006 0.00e+000 1.07e-011  -8.6 3.61e-009    -  1.00e+000 1.00e+000f  1

Number of Iterations....: 49

                                   (scaled)                 (unscaled)
Objective...............:  2.5454947146340860e+006   2.5454947146340860e+006
Dual infeasibility......:  1.0708150632511552e-011   1.0708150632511552e-011
Constraint violation....:  0.0000000000000000e+000   0.0000000000000000e+000
Complementarity.........:  2.5114031297228431e-009   2.5114031297228431e-009
Overall NLP error.......:  2.5114031297228431e-009   2.5114031297228431e-009


Number of objective function evaluations             = 50
Number of objective gradient evaluations             = 50
Number of equality constraint evaluations            = 50
Number of inequality constraint evaluations          = 0
Number of equality constraint Jacobian evaluations   = 50
Number of inequality constraint Jacobian evaluations = 0
Number of Lagrangian Hessian evaluations             = 49
Total CPU secs in IPOPT (w/o function evaluations)   =      0.148
Total CPU secs in NLP function evaluations           =      0.296

EXIT: Optimal Solution Found.
