This is Ipopt version 3.12, running with linear solver ma57.

Number of nonzeros in equality constraint Jacobian...:        0
Number of nonzeros in inequality constraint Jacobian.:  1228314
Number of nonzeros in Lagrangian Hessian.............:   163790

Total number of variables............................:   163790
                     variables with only lower bounds:        0
                variables with lower and upper bounds:   163790
                     variables with only upper bounds:        0
Total number of equality constraints.................:        0
Total number of inequality constraints...............:       49
        inequality constraints with only lower bounds:        0
   inequality constraints with lower and upper bounds:       49
        inequality constraints with only upper bounds:        0

iter    objective    inf_pr   inf_du lg(mu)  ||d||  lg(rg) alpha_du alpha_pr  ls
   0 0.0000000e+000 5.90e+010 0.00e+000  -1.0 0.00e+000    -  0.00e+000 0.00e+000   0
   1 8.9670790e+005 4.30e+010 2.13e-001  -1.0 5.67e+004    -  2.11e-001 2.68e-001h  1
   2 2.1275011e+006 2.08e+010 1.78e+000  -1.0 7.03e+004    -  4.77e-002 5.08e-001h  1
   3 2.6696140e+006 1.49e+010 5.24e-001  -1.0 3.58e+004    -  4.90e-001 2.74e-001f  1
   4 3.1769054e+006 1.13e+010 3.65e+000  -1.0 2.58e+004    -  5.48e-001 2.30e-001f  1
   5 4.2695387e+006 7.70e+009 1.81e+001  -1.0 1.97e+004    -  6.73e-001 3.01e-001f  1
   6 8.1442170e+006 4.54e+009 7.43e+000  -1.0 1.37e+004    -  2.87e-001 3.76e-001f  1
   7 1.8345728e+007 1.53e+009 2.23e+000  -1.0 8.54e+003    -  4.66e-001 5.74e-001f  1
   8 3.5012489e+007 2.96e+004 2.17e+001  -1.0 3.63e+003    -  2.26e-001 7.17e-001f  1
   9 3.8358176e+007 2.32e+004 2.47e+001  -1.0 6.71e+003    -  8.03e-003 2.12e-001f  1
iter    objective    inf_pr   inf_du lg(mu)  ||d||  lg(rg) alpha_du alpha_pr  ls
  10 3.9321836e+007 2.17e+004 3.14e+000  -1.0 2.16e+003    -  6.02e-001 6.43e-002f  1
  11 6.0577704e+007 1.25e+003 1.17e+001  -1.0 1.25e+004    -  1.81e-001 9.23e-001f  1
  12 7.0940459e+007 0.00e+000 4.65e+000  -1.0 4.15e+003    -  6.51e-001 1.00e+000f  1
  13 7.4611823e+007 0.00e+000 5.08e+000  -1.0 9.83e+003    -  9.07e-002 1.00e+000f  1
  14 7.4942766e+007 0.00e+000 3.39e+000  -1.0 6.38e+003    -  4.26e-001 7.34e-001f  1
  15 7.5005568e+007 0.00e+000 3.46e+000  -1.0 4.40e+003    -  5.75e-001 1.00e+000f  1
  16 7.4056913e+007 0.00e+000 3.91e+000  -1.0 4.37e+004    -  1.65e-001 1.00e+000f  1
  17 7.3835069e+007 0.00e+000 1.23e+000  -1.0 1.89e+004    -  7.06e-001 1.00e+000f  1
  18 7.3756679e+007 0.00e+000 3.68e-001  -1.0 1.25e+004    -  7.23e-001 1.00e+000f  1
  19 7.3916683e+007 0.00e+000 2.98e-002  -1.0 8.57e+003    -  9.21e-001 1.00e+000f  1
iter    objective    inf_pr   inf_du lg(mu)  ||d||  lg(rg) alpha_du alpha_pr  ls
  20 6.1036830e+007 0.00e+000 8.18e+000  -1.7 7.46e+002    -  9.20e-001 1.00e+000f  1
  21 4.9361248e+007 0.00e+000 3.65e-003  -1.7 1.47e+003    -  1.00e+000 1.00e+000f  1
  22 3.8023580e+007 0.00e+000 9.34e-002  -2.5 2.34e+003    -  7.94e-001 7.99e-001f  1
  23 2.3671244e+007 0.00e+000 2.77e-002  -2.5 4.37e+003    -  1.00e+000 1.00e+000f  1
  24 1.8222788e+007 0.00e+000 4.81e-001  -3.8 2.37e+003    -  2.40e-001 3.83e-001f  1
  25 9.6977297e+006 0.00e+000 1.06e+000  -3.8 3.96e+003    -  4.94e-001 8.88e-001f  1
  26 9.0175726e+006 0.00e+000 7.38e-001  -3.8 1.75e+004    -  2.74e-001 1.21e-001f  1
  27 4.2938512e+006 0.00e+000 6.67e-001  -3.8 1.09e+004    -  2.51e-001 9.36e-001f  1
  28 2.8867442e+006 0.00e+000 4.05e-001  -3.8 3.43e+003    -  3.84e-001 1.00e+000f  1
  29 2.4817807e+006 0.00e+000 2.12e-001  -3.8 1.71e+003    -  4.58e-001 7.91e-001f  1
iter    objective    inf_pr   inf_du lg(mu)  ||d||  lg(rg) alpha_du alpha_pr  ls
  30 2.2145645e+006 0.00e+000 7.19e-002  -3.8 1.13e+003    -  6.21e-001 1.00e+000f  1
  31 2.1295491e+006 0.00e+000 1.17e-002  -3.8 4.59e+002    -  8.26e-001 1.00e+000f  1
  32 2.1151675e+006 0.00e+000 5.95e-004  -3.8 2.77e+002    -  1.00e+000 1.00e+000f  1
  33 1.6055654e+006 0.00e+000 2.75e-002  -5.7 4.98e+003    -  2.16e-001 4.52e-001f  1
  34 1.5894727e+006 0.00e+000 2.69e-002  -5.7 2.08e+003    -  3.74e-001 2.36e-002f  1
  35 1.3298397e+006 0.00e+000 2.47e-002  -5.7 3.16e+003    -  2.01e-001 4.03e-001f  1
  36 1.1694847e+006 0.00e+000 2.01e-002  -5.7 3.18e+003    -  2.81e-001 4.10e-001f  1
  37 1.0733047e+006 0.00e+000 1.46e-002  -5.7 1.29e+003    -  2.25e-001 5.18e-001f  1
  38 1.0512359e+006 0.00e+000 1.15e-002  -5.7 5.77e+002    -  6.03e-001 2.57e-001f  1
  39 1.0065343e+006 0.00e+000 5.30e-003  -5.7 5.09e+002    -  8.38e-001 1.00e+000f  1
iter    objective    inf_pr   inf_du lg(mu)  ||d||  lg(rg) alpha_du alpha_pr  ls
  40 1.0047626e+006 0.00e+000 1.09e-003  -5.7 2.28e+001    -  1.00e+000 1.00e+000f  1
  41 1.0046179e+006 0.00e+000 8.03e-005  -5.7 3.36e+000    -  1.00e+000 1.00e+000f  1
  42 1.0046115e+006 0.00e+000 3.63e-007  -5.7 3.36e-001    -  1.00e+000 1.00e+000h  1
  43 1.0038772e+006 0.00e+000 4.31e-005  -8.6 8.61e+001    -  8.69e-001 9.63e-001f  1
  44 1.0038730e+006 0.00e+000 3.74e-007  -8.6 3.65e+000    -  1.00e+000 1.00e+000f  1
  45 1.0038730e+006 0.00e+000 2.50e-011  -8.6 4.37e-002    -  1.00e+000 1.00e+000h  1
  46 1.0038729e+006 0.00e+000 8.62e-011 -11.0 1.18e-001    -  1.00e+000 1.00e+000h  1

Number of Iterations....: 46

                                   (scaled)                 (unscaled)
Objective...............:  1.0038729177108496e+000   1.0038729177108497e+006
Dual infeasibility......:  8.6177223062144528e-011   8.6177223062144532e-005
Constraint violation....:  0.0000000000000000e+000   0.0000000000000000e+000
Complementarity.........:  1.1052114448214344e-011   1.1052114448214344e-005
Overall NLP error.......:  8.6177223062144528e-011   8.6177223062144532e-005


Number of objective function evaluations             = 47
Number of objective gradient evaluations             = 47
Number of equality constraint evaluations            = 0
Number of inequality constraint evaluations          = 47
Number of equality constraint Jacobian evaluations   = 0
Number of inequality constraint Jacobian evaluations = 47
Number of Lagrangian Hessian evaluations             = 46
Total CPU secs in IPOPT (w/o function evaluations)   =     33.245
Total CPU secs in NLP function evaluations           =     10.358

EXIT: Optimal Solution Found.
