This is Ipopt version 3.12, running with linear solver ma27.

Number of nonzeros in equality constraint Jacobian...:        0
Number of nonzeros in inequality constraint Jacobian.:    16289
Number of nonzeros in Lagrangian Hessian.............:     5000

Total number of variables............................:     5000
                     variables with only lower bounds:        0
                variables with lower and upper bounds:     5000
                     variables with only upper bounds:        0
Total number of equality constraints.................:        1
Total number of inequality constraints...............:        6
        inequality constraints with only lower bounds:        0
   inequality constraints with lower and upper bounds:        6
        inequality constraints with only upper bounds:        0

iter    objective    inf_pr   inf_du lg(mu)  ||d||  lg(rg) alpha_du alpha_pr  ls
   0 0.0000000e+000 6.33e+010 0.00e+000  -1.0 0.00e+000    -  0.00e+000 0.00e+000   0
   1 7.9762644e+004 5.64e+010 9.40e-001  -1.0 6.35e+000    -  1.62e-001 1.09e-001h  1
   2 4.9995133e+005 4.50e+010 7.70e-001  -1.0 4.22e+001    -  3.28e-002 2.02e-001h  1
   3 1.0325221e+006 3.70e+010 1.01e+000  -1.0 2.46e+001    -  1.29e-001 1.78e-001h  1
   4 2.0587223e+006 2.62e+010 1.56e+000  -1.0 1.62e+001    -  1.69e-001 2.90e-001h  1
   5 3.6339745e+006 1.36e+010 1.68e+000  -1.0 9.96e+000    -  2.81e-001 4.82e-001h  1
   6 5.1413102e+006 2.39e+009 8.06e-001  -1.0 5.99e+000    -  4.24e-001 8.22e-001h  1
   7 5.1697445e+006 0.00e+000 4.60e-001  -1.0 3.99e+000    -  6.20e-001 1.00e+000h  1
   8 4.9768336e+006 0.00e+000 1.82e-001  -1.0 4.78e+000    -  7.95e-001 1.00e+000f  1
   9 4.9681300e+006 0.00e+000 3.83e-001  -1.0 2.35e+002    -  1.34e-001 1.00e+000f  1
iter    objective    inf_pr   inf_du lg(mu)  ||d||  lg(rg) alpha_du alpha_pr  ls
  10 4.9767874e+006 0.00e+000 5.30e-003  -1.0 1.91e+002    -  9.89e-001 1.00e+000f  1
  11 4.9825526e+006 0.00e+000 1.04e-003  -1.0 1.22e+002    -  1.00e+000 1.00e+000f  1
  12 4.5354481e+006 0.00e+000 6.26e-001  -1.7 6.20e+000    -  6.82e-001 1.00e+000f  1
  13 4.4053352e+006 0.00e+000 1.34e-001  -1.7 1.66e+000    -  1.00e+000 1.00e+000f  1
  14 4.2597346e+006 0.00e+000 2.26e-001  -2.5 7.21e+001    -  3.35e-001 1.00e+000f  1
  15 4.2394018e+006 0.00e+000 1.88e-003  -2.5 1.57e+002    -  1.00e+000 1.00e+000f  1
  16 4.2180835e+006 0.00e+000 1.43e-002  -3.8 7.47e+001    -  7.93e-001 1.00e+000f  1
  17 4.2158298e+006 0.00e+000 8.09e-004  -3.8 1.36e+001    -  1.00e+000 1.00e+000f  1
  18 4.2145851e+006 0.00e+000 7.30e-004  -5.7 8.31e+000    -  9.88e-001 1.00e+000f  1
  19 4.2144639e+006 0.00e+000 1.21e-004  -5.7 1.47e+000    -  1.00e+000 1.00e+000f  1
iter    objective    inf_pr   inf_du lg(mu)  ||d||  lg(rg) alpha_du alpha_pr  ls
  20 4.2144465e+006 0.00e+000 3.09e-005  -5.7 3.94e-001    -  1.00e+000 1.00e+000f  1
  21 4.2144442e+006 0.00e+000 5.82e-006  -5.7 9.92e-002    -  1.00e+000 1.00e+000f  1
  22 4.2144328e+006 0.00e+000 4.51e-006  -8.6 1.42e-001    -  1.00e+000 1.00e+000f  1
  23 4.2144327e+006 0.00e+000 1.12e-006  -8.6 1.63e-002    -  1.00e+000 1.00e+000f  1
  24 4.2144326e+006 0.00e+000 2.78e-007  -8.6 3.98e-003    -  1.00e+000 1.00e+000h  1
  25 4.2144326e+006 0.00e+000 6.57e-008  -8.6 1.25e-003    -  1.00e+000 1.00e+000f  1
  26 4.2144326e+006 0.00e+000 1.31e-008  -8.6 3.92e-004    -  1.00e+000 1.00e+000h  1
  27 4.2144326e+006 0.00e+000 4.66e-009  -9.0 3.22e-004    -  1.00e+000 1.00e+000h  1

Number of Iterations....: 27

                                   (scaled)                 (unscaled)
Objective...............:  4.2144326284376172e+002   4.2144326284376169e+006
Dual infeasibility......:  4.6646302569940002e-009   4.6646302569940003e-005
Constraint violation....:  0.0000000000000000e+000   0.0000000000000000e+000
Complementarity.........:  1.6113450302663733e-009   1.6113450302663731e-005
Overall NLP error.......:  4.6646302569940002e-009   4.6646302569940003e-005


Number of objective function evaluations             = 28
Number of objective gradient evaluations             = 28
Number of equality constraint evaluations            = 28
Number of inequality constraint evaluations          = 28
Number of equality constraint Jacobian evaluations   = 28
Number of inequality constraint Jacobian evaluations = 28
Number of Lagrangian Hessian evaluations             = 27
Total CPU secs in IPOPT (w/o function evaluations)   =      0.098
Total CPU secs in NLP function evaluations           =      0.209

EXIT: Optimal Solution Found.
