This is Ipopt version 3.12, running with linear solver ma27.

Number of nonzeros in equality constraint Jacobian...:     5000
Number of nonzeros in inequality constraint Jacobian.:    30000
Number of nonzeros in Lagrangian Hessian.............:     5000

Total number of variables............................:     5000
                     variables with only lower bounds:        0
                variables with lower and upper bounds:     5000
                     variables with only upper bounds:        0
Total number of equality constraints.................:        1
Total number of inequality constraints...............:        6
        inequality constraints with only lower bounds:        0
   inequality constraints with lower and upper bounds:        6
        inequality constraints with only upper bounds:        0

iter    objective    inf_pr   inf_du lg(mu)  ||d||  lg(rg) alpha_du alpha_pr  ls
   0 0.0000000e+000 6.22e+010 0.00e+000  -1.0 0.00e+000    -  0.00e+000 0.00e+000   0
   1 2.0177675e+002 6.17e+010 2.08e+001  -1.0 4.73e+003    -  7.36e-002 8.95e-003h  1
   2 4.2725800e+003 6.00e+010 6.01e+002  -1.0 1.58e+002    -  7.33e-002 2.80e-002h  1
   3 6.1211297e+003 5.95e+010 7.17e+002  -1.0 5.37e+001    -  6.68e-002 7.40e-003h  1
   4 2.0467374e+004 5.74e+010 1.08e+003  -1.0 3.67e+001    -  9.81e-002 3.65e-002h  1
   5 3.0277802e+004 5.63e+010 1.48e+003  -1.0 4.78e+001    -  7.37e-002 1.79e-002h  1
   6 7.1053089e+004 5.33e+010 2.24e+003  -1.0 4.84e+001    -  1.66e-001 5.38e-002h  1
   7 1.3617687e+005 5.00e+010 3.04e+003  -1.0 4.78e+001    -  1.90e-001 6.27e-002h  1
   8 1.6230417e+005 4.89e+010 4.46e+003  -1.0 4.53e+001    -  2.45e-001 2.21e-002h  1
   9 2.1200827e+005 4.70e+010 4.96e+003  -1.0 3.95e+001    -  1.68e-001 3.85e-002h  1
iter    objective    inf_pr   inf_du lg(mu)  ||d||  lg(rg) alpha_du alpha_pr  ls
  10 3.2770691e+005 4.33e+010 4.98e+003  -1.0 4.95e+001    -  1.69e-001 7.77e-002h  1
  11 3.5458141e+005 4.26e+010 5.09e+003  -1.0 4.47e+001    -  6.89e-002 1.73e-002h  1
  12 4.1369204e+005 4.10e+010 5.31e+003  -1.0 4.70e+001    -  1.49e-001 3.66e-002h  1
  13 4.6658208e+005 3.97e+010 5.35e+003  -1.0 4.85e+001    -  1.00e-001 3.17e-002h  1
  14 5.5261044e+005 3.78e+010 5.77e+003  -1.0 5.16e+001    -  2.95e-001 4.95e-002h  1
  15 6.1928289e+005 3.63e+010 5.86e+003  -1.0 5.04e+001    -  1.93e-001 3.76e-002h  1
  16 6.5301476e+005 3.57e+010 6.03e+003  -1.0 3.34e+001    -  2.18e-001 1.89e-002h  1
  17 7.9200668e+005 3.30e+010 6.09e+003  -1.0 3.22e+001    -  5.31e-001 7.46e-002h  1
  18 9.1248656e+005 3.09e+010 5.72e+003  -1.0 3.00e+001    -  1.02e-001 6.41e-002h  1
  19 1.0150058e+006 2.92e+010 5.49e+003  -1.0 2.94e+001    -  2.26e-001 5.47e-002h  1
iter    objective    inf_pr   inf_du lg(mu)  ||d||  lg(rg) alpha_du alpha_pr  ls
  20 1.0813382e+006 2.81e+010 5.31e+003  -1.0 3.16e+001    -  7.79e-002 3.58e-002h  1
  21 1.1771812e+006 2.67e+010 6.30e+003  -1.0 3.53e+001    -  4.30e-001 5.16e-002h  1
  22 1.3306763e+006 2.45e+010 5.96e+003  -1.0 3.78e+001    -  1.47e-001 8.23e-002h  1
  23 1.3988405e+006 2.36e+010 8.49e+003  -1.0 3.72e+001    -  9.92e-001 3.80e-002h  1
  24 1.4301098e+006 2.31e+010 9.83e+003  -1.0 2.32e+001    -  1.00e+000 1.78e-002h  1
  25 1.7240690e+006 1.94e+010 8.30e+003  -1.0 2.33e+001    -  2.59e-001 1.60e-001h  1
  26 1.7531740e+006 1.91e+010 9.16e+003  -1.0 1.55e+001    -  6.76e-001 1.78e-002h  1
  27 1.9920632e+006 1.64e+010 8.21e+003  -1.0 1.57e+001    -  4.43e-001 1.43e-001h  1
  28 2.0860943e+006 1.53e+010 8.52e+003  -1.0 1.22e+001    -  5.69e-001 6.23e-002h  1
  29 2.2442333e+006 1.37e+010 8.68e+003  -1.0 1.00e+001    -  8.81e-001 1.08e-001h  1
iter    objective    inf_pr   inf_du lg(mu)  ||d||  lg(rg) alpha_du alpha_pr  ls
  30 2.3811666e+006 1.23e+010 8.03e+003  -1.0 9.97e+000    -  2.92e-001 1.00e-001h  1
  31 2.5058911e+006 1.11e+010 8.46e+003  -1.0 9.39e+000    -  1.00e+000 9.82e-002h  1
  32 2.6533277e+006 9.73e+009 7.54e+003  -1.0 7.39e+000    -  3.99e-001 1.24e-001h  1
  33 2.7318994e+006 9.01e+009 7.65e+003  -1.0 6.52e+000    -  1.00e+000 7.35e-002h  1
  34 2.9147282e+006 7.40e+009 6.40e+003  -1.0 5.42e+000    -  6.31e-001 1.79e-001h  1
  35 2.9834760e+006 6.81e+009 6.30e+003  -1.0 4.63e+000    -  1.00e+000 7.96e-002h  1
  36 3.1355693e+006 5.54e+009 5.29e+003  -1.0 4.35e+000    -  1.00e+000 1.87e-001h  1
  37 3.2309377e+006 4.76e+009 4.67e+003  -1.0 3.73e+000    -  6.29e-001 1.40e-001h  1
  38 3.3159237e+006 4.08e+009 4.20e+003  -1.0 3.30e+000    -  1.00e+000 1.43e-001h  1
  39 3.4054777e+006 3.38e+009 3.57e+003  -1.0 2.93e+000    -  9.36e-001 1.72e-001h  1
iter    objective    inf_pr   inf_du lg(mu)  ||d||  lg(rg) alpha_du alpha_pr  ls
  40 3.4985890e+006 2.66e+009 2.93e+003  -1.0 2.53e+000    -  1.00e+000 2.12e-001h  1
  41 3.5280727e+006 2.44e+009 2.83e+003  -1.0 2.12e+000    -  1.00e+000 8.43e-002h  1
  42 3.6938109e+006 1.20e+009 1.40e+003  -1.0 1.95e+000    -  1.00e+000 5.07e-001h  1
  43 3.7066602e+006 1.11e+009 1.35e+003  -1.0 9.97e-001    -  1.00e+000 7.85e-002h  1
  44 3.7591020e+006 7.25e+008 8.90e+002  -1.0 9.17e-001    -  1.00e+000 3.45e-001h  1
  45 3.8433922e+006 1.18e+008 1.47e+002  -1.0 5.95e-001    -  1.00e+000 8.37e-001h  1
  46 3.8599361e+006 0.00e+000 2.81e-001  -1.0 8.95e-002    -  1.00e+000 1.00e+000h  1
  47 3.8598979e+006 0.00e+000 1.05e-001  -1.7 6.03e-002    -  1.00e+000 1.00e+000f  1
  48 3.8598890e+006 0.00e+000 4.97e-002  -2.5 2.44e-002    -  1.00e+000 1.00e+000f  1
  49 3.8598888e+006 0.00e+000 9.13e-003  -2.5 4.40e-003    -  1.00e+000 1.00e+000f  1
iter    objective    inf_pr   inf_du lg(mu)  ||d||  lg(rg) alpha_du alpha_pr  ls
  50 3.8598875e+006 0.00e+000 6.48e-003  -3.8 3.01e-003    -  1.00e+000 1.00e+000f  1
  51 3.8598875e+006 0.00e+000 1.41e-003  -3.8 2.19e-004    -  1.00e+000 1.00e+000f  1
  52 3.8598874e+006 0.00e+000 5.96e-004  -5.7 1.68e-004    -  1.00e+000 1.00e+000f  1
  53 3.8598874e+006 0.00e+000 1.46e-004  -5.7 5.45e-005    -  1.00e+000 1.00e+000f  1
  54 3.8598874e+006 0.00e+000 3.37e-005  -5.7 2.62e-005    -  1.00e+000 1.00e+000f  1
  55 3.8598874e+006 0.00e+000 6.13e-006  -5.7 1.12e-005    -  1.00e+000 1.00e+000h  1
In iteration 55, 1 Slack too small, adjusting variable bound
  56 3.8598874e+006 0.00e+000 4.50e-006  -8.6 9.56e-006    -  1.00e+000 1.00e+000f  1
In iteration 56, 1 Slack too small, adjusting variable bound
  57 3.8598874e+006 0.00e+000 1.04e-006  -8.6 4.59e-006    -  1.00e+000 1.00e+000h  1
In iteration 57, 1 Slack too small, adjusting variable bound
  58 3.8598874e+006 0.00e+000 1.90e-007  -8.6 1.96e-006    -  1.00e+000 1.00e+000h  1
In iteration 58, 1 Slack too small, adjusting variable bound
  59 3.8598874e+006 0.00e+000 1.59e-008  -8.6 5.68e-007    -  1.00e+000 1.00e+000h  1
In iteration 59, 1 Slack too small, adjusting variable bound
iter    objective    inf_pr   inf_du lg(mu)  ||d||  lg(rg) alpha_du alpha_pr  ls
  60 3.8598874e+006 0.00e+000 4.45e-010  -9.0 9.51e-008    -  1.00e+000 1.00e+000h  1

Number of Iterations....: 60

                                   (scaled)                 (unscaled)
Objective...............:  3.8598874172796290e+006   3.8598874172796290e+006
Dual infeasibility......:  4.4494870023348413e-010   4.4494870023348413e-010
Constraint violation....:  0.0000000000000000e+000   0.0000000000000000e+000
Complementarity.........:  1.1202089439153693e-009   1.1202089439153693e-009
Overall NLP error.......:  1.1202089439153693e-009   1.1202089439153693e-009


Number of objective function evaluations             = 61
Number of objective gradient evaluations             = 61
Number of equality constraint evaluations            = 61
Number of inequality constraint evaluations          = 61
Number of equality constraint Jacobian evaluations   = 61
Number of inequality constraint Jacobian evaluations = 61
Number of Lagrangian Hessian evaluations             = 60
Total CPU secs in IPOPT (w/o function evaluations)   =      0.580
Total CPU secs in NLP function evaluations           =      1.141

EXIT: Optimal Solution Found.
