This is Ipopt version 3.12, running with linear solver ma27.

Number of nonzeros in equality constraint Jacobian...:    20000
Number of nonzeros in inequality constraint Jacobian.:        0
Number of nonzeros in Lagrangian Hessian.............:     5000

Total number of variables............................:     5000
                     variables with only lower bounds:        0
                variables with lower and upper bounds:        0
                     variables with only upper bounds:        0
Total number of equality constraints.................:        4
Total number of inequality constraints...............:        0
        inequality constraints with only lower bounds:        0
   inequality constraints with lower and upper bounds:        0
        inequality constraints with only upper bounds:        0

iter    objective    inf_pr   inf_du lg(mu)  ||d||  lg(rg) alpha_du alpha_pr  ls
   0 0.0000000e+000 7.50e+013 0.00e+000  -1.0 0.00e+000    -  0.00e+000 0.00e+000   0
   1 1.0761245e+005 6.57e+013 2.55e+004  -1.0 6.98e+000    -  1.00e+000 1.25e-001h  4
   2 4.8479134e+006 3.28e+013 1.56e+006  -1.0 3.30e+000    -  1.00e+000 5.00e-001h  2
   3 1.5927106e+007 3.12e-002 7.27e+006  -1.0 1.38e+001    -  1.00e+000 1.00e+000h  1
   4 1.2651202e+007 0.00e+000 3.05e+006  -1.0 3.62e+000    -  1.00e+000 1.00e+000f  1
   5 1.1356709e+007 0.00e+000 1.28e+006  -1.0 1.86e+000    -  1.00e+000 1.00e+000f  1
   6 1.0864457e+007 2.98e-008 5.25e+005  -1.0 9.80e-001    -  1.00e+000 1.00e+000f  1
   7 1.0699909e+007 0.00e+000 2.09e+005  -1.0 4.87e-001    -  1.00e+000 1.00e+000f  1
   8 1.0659456e+007 0.00e+000 7.71e+004  -1.0 2.34e-001    -  1.00e+000 1.00e+000f  1
   9 1.0653250e+007 0.00e+000 2.32e+004  -1.0 7.92e-002    -  1.00e+000 1.00e+000f  1
iter    objective    inf_pr   inf_du lg(mu)  ||d||  lg(rg) alpha_du alpha_pr  ls
  10 1.0652609e+007 2.98e-008 4.21e+003  -1.0 4.15e-002    -  1.00e+000 1.00e+000f  1
  11 1.0652584e+007 2.98e-008 2.11e+002  -1.0 1.13e-002    -  1.00e+000 1.00e+000f  1
  12 1.0652584e+007 2.98e-008 5.97e-001  -1.0 6.27e-004    -  1.00e+000 1.00e+000f  1
  13 1.0652584e+007 0.00e+000 4.80e-006  -1.7 1.78e-006    -  1.00e+000 1.00e+000h  1
  14 1.0652584e+007 0.00e+000 6.55e-011  -8.6 1.44e-011    -  1.00e+000 1.00e+000f  1

Number of Iterations....: 14

                                   (scaled)                 (unscaled)
Objective...............:  1.0652584134195831e+007   1.0652584134195831e+007
Dual infeasibility......:  6.5483618527650833e-011   6.5483618527650833e-011
Constraint violation....:  0.0000000000000000e+000   0.0000000000000000e+000
Complementarity.........:  0.0000000000000000e+000   0.0000000000000000e+000
Overall NLP error.......:  6.5483618527650833e-011   6.5483618527650833e-011


Number of objective function evaluations             = 19
Number of objective gradient evaluations             = 15
Number of equality constraint evaluations            = 19
Number of inequality constraint evaluations          = 0
Number of equality constraint Jacobian evaluations   = 15
Number of inequality constraint Jacobian evaluations = 0
Number of Lagrangian Hessian evaluations             = 14
Total CPU secs in IPOPT (w/o function evaluations)   =      0.052
Total CPU secs in NLP function evaluations           =      0.228

EXIT: Optimal Solution Found.
